<?xml version="1.0" encoding="UTF-8"?>
<testsuite name="dashboard_granos-20240411120959" tests="1" file=".py" time="72.702" timestamp="2024-04-11T12:11:12" failures="0" errors="1" skipped="0">
	<testcase classname="dashboard_granos" name="test_dashboard_grain" time="72.702" timestamp="2024-04-11T12:11:12" file="DashboarGranos.py" line="23">
		<error type="ElementClickInterceptedException" message="Message: element click intercepted: Element &lt;td _ngcontent-iim-c216=&quot;&quot; class=&quot;text-nowrap align-middle f-size-12 cursor-pointer ellipsis-cell&quot;&gt;...&lt;/td&gt; is not clickable at point (608, 286). Other element would receive the click: &lt;ngb-offcanvas-backdrop class=&quot;offcanvas-backdrop fade show&quot;&gt;&lt;/ngb-offcanvas-backdrop&gt;
  (Session info: chrome=123.0.6312.122)
Stacktrace:
	GetHandleVerifier [0x00007FF768B57032+63090]
	(No symbol) [0x00007FF768AC2C82]
	(No symbol) [0x00007FF76895EC65]
	(No symbol) [0x00007FF7689ABB34]
	(No symbol) [0x00007FF7689A9954]
	(No symbol) [0x00007FF7689A7164]
	(No symbol) [0x00007FF7689A5EF9]
	(No symbol) [0x00007FF76899A708]
	(No symbol) [0x00007FF7689C6FDA]
	(No symbol) [0x00007FF76899A00A]
	(No symbol) [0x00007FF7689C71F0]
	(No symbol) [0x00007FF7689E3412]
	(No symbol) [0x00007FF7689C6D83]
	(No symbol) [0x00007FF7689983A8]
	(No symbol) [0x00007FF768999441]
	GetHandleVerifier [0x00007FF768F525AD+4238317]
	GetHandleVerifier [0x00007FF768F8F70D+4488525]
	GetHandleVerifier [0x00007FF768F879EF+4456495]
	GetHandleVerifier [0x00007FF768C30576+953270]
	(No symbol) [0x00007FF768ACE54F]
	(No symbol) [0x00007FF768AC9224]
	(No symbol) [0x00007FF768AC935B]
	(No symbol) [0x00007FF768AB9B94]
	BaseThreadInitThunk [0x00007FFF9727257D+29]
	RtlUserThreadStart [0x00007FFF9922AA58+40]
"><![CDATA[Traceback (most recent call last):
  File "c:\Users\luist\repos\Automatizaciones-SILOHUB-\DashboarGranos.py", line 60, in test_dashboard_grain
    find_elements(self.driver,select_movements_list)
  File "c:\Users\luist\repos\Automatizaciones-SILOHUB-\Elements.py", line 22, in find_elements
    select_nex_button.click()
  File "C:\Users\luist\AppData\Roaming\Python\Python310\site-packages\selenium\webdriver\remote\webelement.py", line 94, in click
    self._execute(Command.CLICK_ELEMENT)
  File "C:\Users\luist\AppData\Roaming\Python\Python310\site-packages\selenium\webdriver\remote\webelement.py", line 395, in _execute
    return self._parent.execute(command, params)
  File "C:\Users\luist\AppData\Roaming\Python\Python310\site-packages\selenium\webdriver\remote\webdriver.py", line 348, in execute
    self.error_handler.check_response(response)
  File "C:\Users\luist\AppData\Roaming\Python\Python310\site-packages\selenium\webdriver\remote\errorhandler.py", line 229, in check_response
    raise exception_class(message, screen, stacktrace)
selenium.common.exceptions.ElementClickInterceptedException: Message: element click intercepted: Element <td _ngcontent-iim-c216="" class="text-nowrap align-middle f-size-12 cursor-pointer ellipsis-cell">...</td> is not clickable at point (608, 286). Other element would receive the click: <ngb-offcanvas-backdrop class="offcanvas-backdrop fade show"></ngb-offcanvas-backdrop>
  (Session info: chrome=123.0.6312.122)
Stacktrace:
	GetHandleVerifier [0x00007FF768B57032+63090]
	(No symbol) [0x00007FF768AC2C82]
	(No symbol) [0x00007FF76895EC65]
	(No symbol) [0x00007FF7689ABB34]
	(No symbol) [0x00007FF7689A9954]
	(No symbol) [0x00007FF7689A7164]
	(No symbol) [0x00007FF7689A5EF9]
	(No symbol) [0x00007FF76899A708]
	(No symbol) [0x00007FF7689C6FDA]
	(No symbol) [0x00007FF76899A00A]
	(No symbol) [0x00007FF7689C71F0]
	(No symbol) [0x00007FF7689E3412]
	(No symbol) [0x00007FF7689C6D83]
	(No symbol) [0x00007FF7689983A8]
	(No symbol) [0x00007FF768999441]
	GetHandleVerifier [0x00007FF768F525AD+4238317]
	GetHandleVerifier [0x00007FF768F8F70D+4488525]
	GetHandleVerifier [0x00007FF768F879EF+4456495]
	GetHandleVerifier [0x00007FF768C30576+953270]
	(No symbol) [0x00007FF768ACE54F]
	(No symbol) [0x00007FF768AC9224]
	(No symbol) [0x00007FF768AC935B]
	(No symbol) [0x00007FF768AB9B94]
	BaseThreadInitThunk [0x00007FFF9727257D+29]
	RtlUserThreadStart [0x00007FFF9922AA58+40]

]]></error>
		<system-out><![CDATA[Tiempo de espera agotado. El elemento no está presente o no es clickeable.
]]></system-out>
	</testcase>
</testsuite>
