<?xml version="1.0" encoding="UTF-8"?>
<testsuite name="dashboard_granos-20240502174551" tests="2" file=".py" time="123.413" timestamp="2024-05-02T17:47:55" failures="0" errors="2" skipped="0">
	<testcase classname="dashboard_granos" name="test_dashboard_grain" time="0.000" timestamp="0001-01-01T00:00:00" file="DashboarGranos.py" line="23">
		<error type="AttributeError" message="'NoneType' object has no attribute 'is_displayed'"><![CDATA[Traceback (most recent call last):
  File "c:\Users\luist\repos\Automatizaciones-SILOHUB-\DashboarGranos.py", line 61, in test_dashboard_grain
    find_elements(self.driver,select_movements_list)
  File "c:\Users\luist\repos\Automatizaciones-SILOHUB-\Elements.py", line 19, in find_elements
    select_nex_button = WebDriverWait(driver, 10).until(
  File "C:\Users\luist\AppData\Roaming\Python\Python310\site-packages\selenium\webdriver\support\wait.py", line 96, in until
    value = method(self._driver)
  File "C:\Users\luist\AppData\Roaming\Python\Python310\site-packages\selenium\webdriver\support\expected_conditions.py", line 364, in _predicate
    element = visibility_of(target)(driver)
  File "C:\Users\luist\AppData\Roaming\Python\Python310\site-packages\selenium\webdriver\support\expected_conditions.py", line 173, in _predicate
    return _element_if_visible(element)
  File "C:\Users\luist\AppData\Roaming\Python\Python310\site-packages\selenium\webdriver\support\expected_conditions.py", line 179, in _element_if_visible
    return element if element.is_displayed() == visibility else False
AttributeError: 'NoneType' object has no attribute 'is_displayed'
]]></error>
		<system-out><![CDATA[La fecha actual no está disponible en el calendario.
La fecha anterior no está disponible en el calendario.
Tiempo de espera agotado. El elemento no está presente o no es clickeable.
]]></system-out>
	</testcase>
	<testcase classname="dashboard_granos" name="test_dashboard_grain" time="123.413" timestamp="2024-05-02T17:47:55" file="DashboarGranos.py" line="23">
		<error type="WebDriverException" message="Message: disconnected: Unable to receive message from renderer
  (failed to check if window was closed: disconnected: not connected to DevTools)
  (Session info: chrome=124.0.6367.93)
Stacktrace:
	GetHandleVerifier [0x00007FF799721502+60802]
	(No symbol) [0x00007FF79969AC02]
	(No symbol) [0x00007FF799557CE4]
	(No symbol) [0x00007FF799540FE1]
	(No symbol) [0x00007FF79953EBE4]
	(No symbol) [0x00007FF79953F3FF]
	(No symbol) [0x00007FF7995582DD]
	(No symbol) [0x00007FF79952DACC]
	(No symbol) [0x00007FF7995D8F74]
	(No symbol) [0x00007FF7995CAB40]
	(No symbol) [0x00007FF799598FEC]
	(No symbol) [0x00007FF799599C21]
	GetHandleVerifier [0x00007FF799A2411D+3217821]
	GetHandleVerifier [0x00007FF799A660B7+3488055]
	GetHandleVerifier [0x00007FF799A5F03F+3459263]
	GetHandleVerifier [0x00007FF7997DB846+823494]
	(No symbol) [0x00007FF7996A5F9F]
	(No symbol) [0x00007FF7996A0EC4]
	(No symbol) [0x00007FF7996A1052]
	(No symbol) [0x00007FF7996918A4]
	BaseThreadInitThunk [0x00007FFC92DE257D+29]
	RtlUserThreadStart [0x00007FFC9438AA48+40]
"><![CDATA[Traceback (most recent call last):
  File "c:\Users\luist\repos\Automatizaciones-SILOHUB-\DashboarGranos.py", line 65, in tearDown
    self.driver.close()
  File "C:\Users\luist\AppData\Roaming\Python\Python310\site-packages\selenium\webdriver\remote\webdriver.py", line 459, in close
    self.execute(Command.CLOSE)
  File "C:\Users\luist\AppData\Roaming\Python\Python310\site-packages\selenium\webdriver\remote\webdriver.py", line 348, in execute
    self.error_handler.check_response(response)
  File "C:\Users\luist\AppData\Roaming\Python\Python310\site-packages\selenium\webdriver\remote\errorhandler.py", line 229, in check_response
    raise exception_class(message, screen, stacktrace)
selenium.common.exceptions.WebDriverException: Message: disconnected: Unable to receive message from renderer
  (failed to check if window was closed: disconnected: not connected to DevTools)
  (Session info: chrome=124.0.6367.93)
Stacktrace:
	GetHandleVerifier [0x00007FF799721502+60802]
	(No symbol) [0x00007FF79969AC02]
	(No symbol) [0x00007FF799557CE4]
	(No symbol) [0x00007FF799540FE1]
	(No symbol) [0x00007FF79953EBE4]
	(No symbol) [0x00007FF79953F3FF]
	(No symbol) [0x00007FF7995582DD]
	(No symbol) [0x00007FF79952DACC]
	(No symbol) [0x00007FF7995D8F74]
	(No symbol) [0x00007FF7995CAB40]
	(No symbol) [0x00007FF799598FEC]
	(No symbol) [0x00007FF799599C21]
	GetHandleVerifier [0x00007FF799A2411D+3217821]
	GetHandleVerifier [0x00007FF799A660B7+3488055]
	GetHandleVerifier [0x00007FF799A5F03F+3459263]
	GetHandleVerifier [0x00007FF7997DB846+823494]
	(No symbol) [0x00007FF7996A5F9F]
	(No symbol) [0x00007FF7996A0EC4]
	(No symbol) [0x00007FF7996A1052]
	(No symbol) [0x00007FF7996918A4]
	BaseThreadInitThunk [0x00007FFC92DE257D+29]
	RtlUserThreadStart [0x00007FFC9438AA48+40]

]]></error>
		<system-out><![CDATA[La fecha actual no está disponible en el calendario.
La fecha anterior no está disponible en el calendario.
Tiempo de espera agotado. El elemento no está presente o no es clickeable.
]]></system-out>
	</testcase>
</testsuite>
