<?xml version="1.0" encoding="UTF-8"?>
<testsuite name="InicioTenant-20231211195501" tests="1" file=".py" time="24.021" timestamp="2023-12-11T19:55:25" failures="0" errors="1" skipped="0">
	<testcase classname="InicioTenant" name="test_inicio_tenant" time="24.021" timestamp="2023-12-11T19:55:25" file="inicio.py" line="27">
		<error type="TypeError" message="find_element_by_xpath() missing 1 required positional argument: 'xpath'"><![CDATA[Traceback (most recent call last):
  File "c:\Users\luist\repos\Automatizaciones-SILOHUB-\inicio.py", line 34, in test_inicio_tenant
    Filtro_campaÃ±a = find_element_by_xpath("/html/body/app-root/app-layout/app-vertical/div/div/div/div/app-home/div/div[2]/app-business-indicators/div[1]/div[2]/app-filter-button/button/div/span")
TypeError: find_element_by_xpath() missing 1 required positional argument: 'xpath'
]]></error>
	</testcase>
</testsuite>
