<?xml version="1.0" encoding="UTF-8"?>
<testsuite name="Onboarding_test_tenant-20231219170420" tests="1" file=".py" time="2.998" timestamp="2023-12-19T17:04:23" failures="0" errors="1" skipped="0">
	<testcase classname="Onboarding_test_tenant" name="test_tenat_onboarding" time="2.998" timestamp="2023-12-19T17:04:23" file="Onboarding.py" line="27">
		<error type="TypeError" message="LoginSample.__init__() takes 2 positional arguments but 3 were given"><![CDATA[Traceback (most recent call last):
  File "c:\Users\luist\repos\Automatizaciones-SILOHUB-\Onboarding.py", line 24, in setUp
    self.login_Sample = LoginSample(self, driver)
TypeError: LoginSample.__init__() takes 2 positional arguments but 3 were given
]]></error>
	</testcase>
</testsuite>
