<?xml version="1.0" encoding="UTF-8"?>
<testsuite name="Onboarding_test_tenant-20231219170447" tests="1" file=".py" time="0.016" timestamp="2023-12-19T17:04:47" failures="0" errors="1" skipped="0">
	<testcase classname="Onboarding_test_tenant" name="test_tenat_onboarding" time="0.016" timestamp="2023-12-19T17:04:47" file="Onboarding.py" line="27">
		<error type="TypeError" message="StartSession.__init__() takes 1 positional argument but 3 were given"><![CDATA[Traceback (most recent call last):
  File "c:\Users\luist\repos\Automatizaciones-SILOHUB-\Onboarding.py", line 21, in setUp
    self.start_session = StartSession(self,driver)
TypeError: StartSession.__init__() takes 1 positional argument but 3 were given
]]></error>
	</testcase>
</testsuite>
