<?xml version="1.0" encoding="UTF-8"?>
<testsuite name="Onboarding_test_tenant-20231219170233" tests="1" file=".py" time="4.043" timestamp="2023-12-19T17:02:37" failures="0" errors="1" skipped="0">
	<testcase classname="Onboarding_test_tenant" name="test_tenat_onboarding" time="4.043" timestamp="2023-12-19T17:02:37" file="Onboarding.py" line="26">
		<error type="TypeError" message="LoginSample.__init__() missing 1 required positional argument: 'driver'"><![CDATA[Traceback (most recent call last):
  File "c:\Users\luist\repos\Automatizaciones-SILOHUB-\Onboarding.py", line 23, in setUp
    self.login_Sample = LoginSample()
TypeError: LoginSample.__init__() missing 1 required positional argument: 'driver'
]]></error>
	</testcase>
</testsuite>
