<?xml version="1.0" encoding="UTF-8"?>
<testsuite name="ReportinsumosPendRetirar-20240202141954" tests="1" file=".py" time="55.044" timestamp="2024-02-02T14:20:49" failures="0" errors="1" skipped="0">
	<testcase classname="ReportinsumosPendRetirar" name="test_Report_suppliesWithdrawal" time="55.044" timestamp="2024-02-02T14:20:49" file="reportInsuRetirar.py" line="17">
		<error type="TypeError" message="validate_strt_selector() missing 1 required positional argument: 'css_selector'"><![CDATA[Traceback (most recent call last):
  File "c:\Users\luist\repos\Automatizaciones-SILOHUB-\reportInsuRetirar.py", line 63, in test_Report_suppliesWithdrawal
    validate_strt_selector(self.driver, list_movements1)
TypeError: validate_strt_selector() missing 1 required positional argument: 'css_selector'
]]></error>
		<system-out><![CDATA[¡Elemento encontrado y clickeado con éxito!
¡Elemento encontrado y clickeado con éxito!
¡Elemento encontrado y clickeado con éxito!
¡Elemento encontrado y clickeado con éxito!
¡Elemento encontrado y clickeado con éxito!
El texto encontrado es  Insumos Pendientes de Retirar
El texto encontrado es  Comprobante
]]></system-out>
	</testcase>
</testsuite>
