<?xml version="1.0" encoding="UTF-8"?>
<testsuite name="reportInsuRetirar.ReportinsumosPendRetirar-20240423153548" tests="1" file="reportInsuRetirar.py" time="74.751" timestamp="2024-04-23T15:37:03" failures="0" errors="0" skipped="0">
	<testcase classname="reportInsuRetirar.ReportinsumosPendRetirar" name="test_Report_suppliesWithdrawal" time="74.751" timestamp="2024-04-23T15:37:03" file="reportInsuRetirar.py" line="17">
		<system-out><![CDATA[Tiempo de espera agotado. El elemento no está presente o no es clickeable.
]]></system-out>
	</testcase>
</testsuite>
